<?xml version="1.0" encoding="UTF-8"?>
<!-- Generated by org.testng.reporters.JUnitReportReporter -->
<testsuite skipped="0" hostname="PAVAN-PC" name="com.crm.qa.TestCases.LoginPageTest" tests="3" failures="0" timestamp="10 Jun 2019 15:37:43 GMT" time="51.209" errors="0">
  <testcase name="loginPageTitleTest" time="13.118" classname="com.crm.qa.TestCases.LoginPageTest"/>
  <testcase name="crmLogoImageTest" time="11.469" classname="com.crm.qa.TestCases.LoginPageTest"/>
  <testcase name="loginTest" time="26.622" classname="com.crm.qa.TestCases.LoginPageTest"/>
</testsuite> <!-- com.crm.qa.TestCases.LoginPageTest -->
