<?xml version="1.0" encoding="UTF-8"?>
<!-- Generated by org.testng.reporters.JUnitReportReporter -->
<testsuite skipped="0" hostname="Admin-PC" name="com.crm.qa.TestCases.HomePageTest" tests="4" failures="0" timestamp="07 Jul 2019 18:51:43 GMT" time="71.435" errors="0">
  <testcase name="verifyHomePageTitleTest" time="19.583" classname="com.crm.qa.TestCases.HomePageTest"/>
  <testcase name="verifyUserNameTest" time="18.001" classname="com.crm.qa.TestCases.HomePageTest"/>
  <testcase name="verifyContactsLinkTest" time="17.946" classname="com.crm.qa.TestCases.HomePageTest"/>
  <testcase name="verifyDealsPageLinkTest" time="15.905" classname="com.crm.qa.TestCases.HomePageTest"/>
</testsuite> <!-- com.crm.qa.TestCases.HomePageTest -->
