<?xml version="1.0" encoding="UTF-8"?>
<!-- Generated by org.testng.reporters.JUnitReportReporter -->
<testsuite skipped="0" hostname="Admin-PC" name="com.crm.qa.TestCases.LoginPageTest" tests="3" failures="0" timestamp="06 Aug 2019 18:19:10 GMT" time="42.582" errors="0">
  <testcase name="loginPageTitleTest" time="12.109" classname="com.crm.qa.TestCases.LoginPageTest"/>
  <testcase name="crmLogoImageTest" time="13.880" classname="com.crm.qa.TestCases.LoginPageTest"/>
  <testcase name="loginTest" time="16.593" classname="com.crm.qa.TestCases.LoginPageTest"/>
</testsuite> <!-- com.crm.qa.TestCases.LoginPageTest -->
