<?xml version="1.0" encoding="UTF-8"?>
<!-- Generated by org.testng.reporters.JUnitReportReporter -->
<testsuite skipped="0" hostname="Admin-PC" name="com.crm.qa.TestCases.LoginPageTest" tests="3" failures="0" timestamp="05 Aug 2019 18:04:53 GMT" time="56.141" errors="0">
  <testcase name="loginPageTitleTest" time="12.092" classname="com.crm.qa.TestCases.LoginPageTest"/>
  <testcase name="crmLogoImageTest" time="16.600" classname="com.crm.qa.TestCases.LoginPageTest"/>
  <testcase name="loginTest" time="27.449" classname="com.crm.qa.TestCases.LoginPageTest"/>
</testsuite> <!-- com.crm.qa.TestCases.LoginPageTest -->
