<?xml version="1.0" encoding="UTF-8"?>
<!-- Generated by org.testng.reporters.JUnitReportReporter -->
<testsuite skipped="0" hostname="PAVAN-PC" name="com.crm.qa.TestCases.LoginPageTest" tests="3" failures="0" timestamp="02 Mar 2019 10:54:57 GMT" time="57.266" errors="0">
  <testcase name="loginPageTitleTest" time="23.610" classname="com.crm.qa.TestCases.LoginPageTest"/>
  <testcase name="crmLogoImageTest" time="11.744" classname="com.crm.qa.TestCases.LoginPageTest"/>
  <testcase name="loginTest" time="21.912" classname="com.crm.qa.TestCases.LoginPageTest"/>
</testsuite> <!-- com.crm.qa.TestCases.LoginPageTest -->
