<?xml version="1.0" encoding="UTF-8"?>
<!-- Generated by org.testng.reporters.JUnitReportReporter -->
<testsuite skipped="0" hostname="PAVAN-PC" name="com.crm.qa.TestCases.LoginPageTest" tests="3" failures="0" timestamp="17 Apr 2019 15:35:48 GMT" time="56.518" errors="0">
  <testcase name="loginPageTitleTest" time="11.182" classname="com.crm.qa.TestCases.LoginPageTest"/>
  <testcase name="crmLogoImageTest" time="10.741" classname="com.crm.qa.TestCases.LoginPageTest"/>
  <testcase name="loginTest" time="34.595" classname="com.crm.qa.TestCases.LoginPageTest"/>
</testsuite> <!-- com.crm.qa.TestCases.LoginPageTest -->
