<?xml version="1.0" encoding="UTF-8"?>
<!-- Generated by org.testng.reporters.JUnitReportReporter -->
<testsuite skipped="0" hostname="Admin-PC" name="com.crm.qa.TestCases.LoginPageTest" tests="3" failures="0" timestamp="07 Jul 2019 18:51:43 GMT" time="45.769" errors="0">
  <testcase name="loginPageTitleTest" time="11.082" classname="com.crm.qa.TestCases.LoginPageTest"/>
  <testcase name="crmLogoImageTest" time="14.742" classname="com.crm.qa.TestCases.LoginPageTest"/>
  <testcase name="loginTest" time="19.945" classname="com.crm.qa.TestCases.LoginPageTest"/>
</testsuite> <!-- com.crm.qa.TestCases.LoginPageTest -->
