<?xml version="1.0" encoding="UTF-8"?>
<!-- Generated by org.testng.reporters.JUnitReportReporter -->
<testsuite skipped="0" hostname="PAVAN-PC" name="com.crm.qa.TestCases.HomePageTest" tests="4" failures="0" timestamp="17 Apr 2019 15:35:48 GMT" time="97.294" errors="0">
  <testcase name="verifyHomePageTitleTest" time="21.949" classname="com.crm.qa.TestCases.HomePageTest"/>
  <testcase name="verifyUserNameTest" time="21.008" classname="com.crm.qa.TestCases.HomePageTest"/>
  <testcase name="verifyContactsLinkTest" time="26.554" classname="com.crm.qa.TestCases.HomePageTest"/>
  <testcase name="verifyDealsPageLinkTest" time="27.783" classname="com.crm.qa.TestCases.HomePageTest"/>
</testsuite> <!-- com.crm.qa.TestCases.HomePageTest -->
