<?xml version="1.0" encoding="UTF-8"?>
<!-- Generated by org.testng.reporters.JUnitReportReporter -->
<testsuite skipped="0" hostname="PAVAN-PC" name="com.crm.qa.TestCases.HomePageTest" tests="4" failures="0" timestamp="10 Jun 2019 15:37:43 GMT" time="99.260" errors="0">
  <testcase name="verifyHomePageTitleTest" time="28.000" classname="com.crm.qa.TestCases.HomePageTest"/>
  <testcase name="verifyUserNameTest" time="23.428" classname="com.crm.qa.TestCases.HomePageTest"/>
  <testcase name="verifyContactsLinkTest" time="23.350" classname="com.crm.qa.TestCases.HomePageTest"/>
  <testcase name="verifyDealsPageLinkTest" time="24.482" classname="com.crm.qa.TestCases.HomePageTest"/>
</testsuite> <!-- com.crm.qa.TestCases.HomePageTest -->
