<?xml version="1.0" encoding="UTF-8"?>
<!-- Generated by org.testng.reporters.JUnitReportReporter -->
<testsuite skipped="0" hostname="Admin-PC" name="com.crm.qa.TestCases.LoginPageTest" tests="3" failures="0" timestamp="20 Jul 2019 08:41:41 GMT" time="40.948" errors="0">
  <testcase name="loginPageTitleTest" time="11.028" classname="com.crm.qa.TestCases.LoginPageTest"/>
  <testcase name="crmLogoImageTest" time="11.352" classname="com.crm.qa.TestCases.LoginPageTest"/>
  <testcase name="loginTest" time="18.568" classname="com.crm.qa.TestCases.LoginPageTest"/>
</testsuite> <!-- com.crm.qa.TestCases.LoginPageTest -->
