<?xml version="1.0" encoding="UTF-8"?>
<!-- Generated by org.testng.reporters.JUnitReportReporter -->
<testsuite skipped="0" hostname="PAVAN-PC" name="com.crm.qa.TestCases.LoginPageTest" tests="3" failures="0" timestamp="04 Mar 2019 06:39:16 GMT" time="44.368" errors="0">
  <testcase name="loginPageTitleTest" time="10.652" classname="com.crm.qa.TestCases.LoginPageTest"/>
  <testcase name="crmLogoImageTest" time="10.828" classname="com.crm.qa.TestCases.LoginPageTest"/>
  <testcase name="loginTest" time="22.888" classname="com.crm.qa.TestCases.LoginPageTest"/>
</testsuite> <!-- com.crm.qa.TestCases.LoginPageTest -->
