<?xml version="1.0" encoding="UTF-8"?>
<!-- Generated by org.testng.reporters.JUnitReportReporter -->
<testsuite skipped="0" hostname="PAVAN-PC" name="com.crm.qa.TestCases.ContactsPageTest" tests="6" failures="0" timestamp="04 Mar 2019 06:39:16 GMT" time="198.328" errors="0">
  <testcase name="verifyContactsPageLabelTest" time="27.351" classname="com.crm.qa.TestCases.ContactsPageTest"/>
  <testcase name="selectSingleContactsTest" time="25.927" classname="com.crm.qa.TestCases.ContactsPageTest"/>
  <testcase name="selectMultipleContactsTest" time="25.823" classname="com.crm.qa.TestCases.ContactsPageTest"/>
  <testcase name="validateCreateNewContactTest" time="40.118" classname="com.crm.qa.TestCases.ContactsPageTest"/>
  <testcase name="validateCreateNewContactTest" time="37.100" classname="com.crm.qa.TestCases.ContactsPageTest"/>
  <testcase name="validateCreateNewContactTest" time="42.009" classname="com.crm.qa.TestCases.ContactsPageTest"/>
</testsuite> <!-- com.crm.qa.TestCases.ContactsPageTest -->
