<?xml version="1.0" encoding="UTF-8"?>
<!-- Generated by org.testng.reporters.JUnitReportReporter -->
<testsuite skipped="0" hostname="PAVAN-PC" name="com.crm.qa.TestCases.ContactsPageTest" tests="6" failures="0" timestamp="28 Apr 2019 07:57:03 GMT" time="185.962" errors="0">
  <testcase name="verifyContactsPageLabelTest" time="31.919" classname="com.crm.qa.TestCases.ContactsPageTest"/>
  <testcase name="selectSingleContactsTest" time="25.494" classname="com.crm.qa.TestCases.ContactsPageTest"/>
  <testcase name="selectMultipleContactsTest" time="29.015" classname="com.crm.qa.TestCases.ContactsPageTest"/>
  <testcase name="validateCreateNewContactTest" time="30.561" classname="com.crm.qa.TestCases.ContactsPageTest"/>
  <testcase name="validateCreateNewContactTest" time="30.483" classname="com.crm.qa.TestCases.ContactsPageTest"/>
  <testcase name="validateCreateNewContactTest" time="38.490" classname="com.crm.qa.TestCases.ContactsPageTest"/>
</testsuite> <!-- com.crm.qa.TestCases.ContactsPageTest -->
